<?xml version="1.0" encoding="UTF-8"?>
<testsuite xmlns:xsi="http://www.w3.org/2001/XMLSchema-instance" xsi:noNamespaceSchemaLocation="https://maven.apache.org/surefire/maven-surefire-plugin/xsd/surefire-test-report.xsd" version="3.0.2" name="com.startupai.StartupAiApplicationTests" time="1.486" tests="1" errors="0" skipped="0" failures="0" flakes="0">
  <properties>
[...]
</properties>
  <testcase name="contextLoads" classname="com.startupai.StartupAiApplicationTests" time="0.421">
    <system-out><![CDATA[12:39:02.441 [main] INFO org.springframework.test.context.support.AnnotationConfigContextLoaderUtils -- Could not detect default configuration classes for test class [com.startupai.StartupAiApplicationTests]: StartupAiApplicationTests does not declare any static, non-private, non-final, nested classes annotated with @Configuration.
12:39:02.532 [main] INFO org.springframework.boot.test.context.SpringBootTestContextBootstrapper -- Found @SpringBootConfiguration com.startupai.StartupAiApplication for test class com.startupai.StartupAiApplicationTests
12:39:02.588 [main] INFO org.springframework.test.context.support.AnnotationConfigContextLoaderUtils -- Could not detect default configuration classes for test class [com.startupai.StartupAiApplicationTests]: StartupAiApplicationTests does not declare any static, non-private, non-final, nested classes annotated with @Configuration.
12:39:02.589 [main] INFO org.springframework.boot.test.context.SpringBootTestContextBootstrapper -- Found @SpringBootConfiguration com.startupai.StartupAiApplication for test class com.startupai.StartupAiApplicationTests
12:39:02.639 [main] INFO org.springframework.boot.devtools.restart.RestartApplicationListener -- Restart disabled due to context in which it is running

  .   ____          _            __ _ _
 /\\ / ___'_ __ _ _(_)_ __  __ _ \ \ \ \
( ( )\___ | '_ | '_| | '_ \/ _` | \ \ \ \
 \\/  ___)| |_)| | | | | || (_| |  ) ) ) )
  '  |____| .__|_| |_|_| |_\__, | / / / /
 =========|_|==============|___/=/_/_/_/

 :: Spring Boot ::                (v4.0.4)

2026-04-16T12:39:02.766+05:30  INFO 78998 --- [startup-ai] [           main] c.startupai.StartupAiApplicationTests    : Starting StartupAiApplicationTests using Java 26 with PID 78998 (started by dhairyamehta in /Users/dhairyamehta/IdeaProjects/LAUNCHPATH_AI)
2026-04-16T12:39:02.767+05:30  INFO 78998 --- [startup-ai] [           main] c.startupai.StartupAiApplicationTests    : No active profile set, falling back to 1 default profile: "default"
2026-04-16T12:39:03.212+05:30  INFO 78998 --- [startup-ai] [           main] o.s.b.w.a.WelcomePageHandlerMapping      : Adding welcome page: class path resource [static/index.html]
2026-04-16T12:39:03.399+05:30  INFO 78998 --- [startup-ai] [           main] c.startupai.StartupAiApplicationTests    : Started StartupAiApplicationTests in 0.768 seconds (process running for 1.41)
]]></system-out>
    <system-err><![CDATA[Mockito is currently self-attaching to enable the inline-mock-maker. This will no longer work in future releases of the JDK. Please add Mockito as an agent to your build as described in Mockito's documentation: https://javadoc.io/doc/org.mockito/mockito-core/latest/org.mockito/org/mockito/Mockito.html#0.3
WARNING: A Java agent has been loaded dynamically (/Users/dhairyamehta/.m2/repository/net/bytebuddy/byte-buddy-agent/1.17.8/byte-buddy-agent-1.17.8.jar)
WARNING: If a serviceability tool is in use, please run with -XX:+EnableDynamicAgentLoading to hide this warning
WARNING: If a serviceability tool is not in use, please run with -Djdk.instrument.traceUsage for more information
WARNING: Dynamic loading of agents will be disallowed by default in a future release
]]></system-err>
  </testcase>
</testsuite>